<?xml version="1.0" encoding="UTF-8"?>
<testng-results ignored="0" total="1" passed="1" failed="0" skipped="0">
  <reporter-output>
  </reporter-output>
  <suite started-at="2025-01-17T03:15:32 IST" name="Default suite" finished-at="2025-01-17T03:15:41 IST" duration-ms="8430">
    <groups>
    </groups>
    <test started-at="2025-01-17T03:15:32 IST" name="Default test" finished-at="2025-01-17T03:15:41 IST" duration-ms="8430">
      <class name="TestCases.Validate_Dynamic_Table_App">
        <test-method is-config="true" signature="getBrowser()[pri:0, instance:TestCases.Validate_Dynamic_Table_App@22f59fa]" started-at="2025-01-17T03:15:32 IST" name="getBrowser" description="Get browser method runs before each and every class to generate a driver instance" finished-at="2025-01-17T03:15:37 IST" duration-ms="4579" status="PASS">
          <reporter-output>
          </reporter-output>
        </test-method> <!-- getBrowser -->
        <test-method signature="validateBrowserSpeeds()[pri:0, instance:TestCases.Validate_Dynamic_Table_App@22f59fa]" started-at="2025-01-17T03:15:37 IST" name="validateBrowserSpeeds" finished-at="2025-01-17T03:15:41 IST" duration-ms="3816" status="PASS">
          <reporter-output>
          </reporter-output>
        </test-method> <!-- validateBrowserSpeeds -->
      </class> <!-- TestCases.Validate_Dynamic_Table_App -->
    </test> <!-- Default test -->
  </suite> <!-- Default suite -->
</testng-results>
