<?xml version="1.0" encoding="UTF-8"?>
<!-- Generated by org.testng.reporters.JUnitReportReporter -->
<testsuite hostname="Raghavs-Mac-mini.local" failures="1" tests="27" name="ChainTestSample.AmazonTestCase" time="0.036" errors="0" timestamp="2025-01-10T02:28:03 IST" skipped="0">
  <testcase classname="ChainTestSample.AmazonTestCase" name="test_product_search" time="0.001"/>
  <testcase classname="ChainTestSample.AmazonTestCase" name="test_notification_preferences" time="0.001"/>
  <testcase classname="ChainTestSample.AmazonTestCase" name="test_order_tracking" time="0.001"/>
  <testcase classname="ChainTestSample.AmazonTestCase" name="test_account_update" time="0.001"/>
  <testcase classname="ChainTestSample.AmazonTestCase" name="test_gift_card_redeem" time="0.001"/>
  <testcase classname="ChainTestSample.AmazonTestCase" name="test_add_to_cart" time="0.002"/>
  <testcase classname="ChainTestSample.AmazonTestCase" name="test_checkout_process" time="0.000"/>
  <testcase classname="ChainTestSample.AmazonTestCase" name="test_product_review_submission" time="0.001"/>
  <testcase classname="ChainTestSample.AmazonTestCase" name="test_subscription_management" time="0.000"/>
  <testcase classname="ChainTestSample.AmazonTestCase" name="test_shipping_options" time="0.000"/>
  <testcase classname="ChainTestSample.AmazonTestCase" name="test_order_history" time="0.001"/>
  <testcase classname="ChainTestSample.AmazonTestCase" name="test_account_registration" time="0.015"/>
  <testcase classname="ChainTestSample.AmazonTestCase" name="test_product_sorting" time="0.001"/>
  <testcase classname="ChainTestSample.AmazonTestCase" name="test_wishlist_removal" time="0.001"/>
  <testcase classname="ChainTestSample.AmazonTestCase" name="test_customer_support_contact" time="0.000"/>
  <testcase classname="ChainTestSample.AmazonTestCase" name="test_wishlist_addition" time="0.001"/>
  <testcase classname="ChainTestSample.AmazonTestCase" name="test_promotions_display" time="0.000"/>
  <testcase classname="ChainTestSample.AmazonTestCase" name="test_cancel_order" time="0.000"/>
  <testcase classname="ChainTestSample.AmazonTestCase" name="test_gift_card_purchase" time="0.001"/>
  <testcase classname="ChainTestSample.AmazonTestCase" name="test_add_to_cart_failure" time="0.003">
    <failure message="Adding to cart should not fail under normal conditions. expected [true] but found [false]" type="java.lang.AssertionError">
      <![CDATA[java.lang.AssertionError: Adding to cart should not fail under normal conditions. expected [true] but found [false]
at org.testng.Assert.fail(Assert.java:111)
at org.testng.Assert.failNotEquals(Assert.java:1578)
at org.testng.Assert.assertTrue(Assert.java:57)
at ChainTestSample.AmazonTestCase.test_add_to_cart_failure(AmazonTestCase.java:155)
at java.base/jdk.internal.reflect.NativeMethodAccessorImpl.invoke0(Native Method)
at java.base/jdk.internal.reflect.NativeMethodAccessorImpl.invoke(NativeMethodAccessorImpl.java:77)
at java.base/jdk.internal.reflect.DelegatingMethodAccessorImpl.invoke(DelegatingMethodAccessorImpl.java:43)
at java.base/java.lang.reflect.Method.invoke(Method.java:569)
at org.testng.internal.invokers.MethodInvocationHelper.invokeMethod(MethodInvocationHelper.java:141)
at org.testng.internal.invokers.TestInvoker.invokeMethod(TestInvoker.java:686)
at org.testng.internal.invokers.TestInvoker.invokeTestMethod(TestInvoker.java:230)
at org.testng.internal.invokers.MethodRunner.runInSequence(MethodRunner.java:63)
at org.testng.internal.invokers.TestInvoker$MethodInvocationAgent.invoke(TestInvoker.java:992)
at org.testng.internal.invokers.TestInvoker.invokeTestMethods(TestInvoker.java:203)
at org.testng.internal.invokers.TestMethodWorker.invokeTestMethods(TestMethodWorker.java:154)
at org.testng.internal.invokers.TestMethodWorker.run(TestMethodWorker.java:134)
at java.base/java.util.ArrayList.forEach(ArrayList.java:1511)
at org.testng.TestRunner.privateRun(TestRunner.java:739)
at org.testng.TestRunner.run(TestRunner.java:614)
at org.testng.SuiteRunner.runTest(SuiteRunner.java:421)
at org.testng.SuiteRunner.runSequentially(SuiteRunner.java:413)
at org.testng.SuiteRunner.privateRun(SuiteRunner.java:373)
at org.testng.SuiteRunner.run(SuiteRunner.java:312)
at org.testng.SuiteRunnerWorker.runSuite(SuiteRunnerWorker.java:52)
at org.testng.SuiteRunnerWorker.run(SuiteRunnerWorker.java:95)
at org.testng.TestNG.runSuitesSequentially(TestNG.java:1274)
at org.testng.TestNG.runSuitesLocally(TestNG.java:1208)
at org.testng.TestNG.runSuites(TestNG.java:1112)
at org.testng.TestNG.run(TestNG.java:1079)
at org.testng.remote.AbstractRemoteTestNG.run(AbstractRemoteTestNG.java:115)
at org.testng.remote.RemoteTestNG.initAndRun(RemoteTestNG.java:293)
at org.testng.remote.RemoteTestNG.main(RemoteTestNG.java:91)
]]>
    </failure>
  </testcase> <!-- test_add_to_cart_failure -->
  <testcase classname="ChainTestSample.AmazonTestCase" name="test_user_login" time="0.001"/>
  <testcase classname="ChainTestSample.AmazonTestCase" name="test_user_logout" time="0.001"/>
  <testcase classname="ChainTestSample.AmazonTestCase" name="test_payment_gateway" time="0.001"/>
  <testcase classname="ChainTestSample.AmazonTestCase" name="test_address_book_management" time="0.001"/>
  <testcase classname="ChainTestSample.AmazonTestCase" name="test_remove_from_cart" time="0.000"/>
  <testcase classname="ChainTestSample.AmazonTestCase" name="test_product_filtering" time="0.000"/>
  <testcase classname="ChainTestSample.AmazonTestCase" name="test_password_reset" time="0.001"/>
</testsuite> <!-- ChainTestSample.AmazonTestCase -->
