<?xml version="1.0" encoding="UTF-8"?>
<!-- Generated by org.testng.reporters.JUnitReportReporter -->
<testsuite hostname="Raghavs-Mac-mini.local" failures="5" tests="62" name="ChainTestSample.ChaniTest01" time="0.050" errors="0" timestamp="2025-01-10T02:10:37 IST" skipped="0">
  <testcase classname="ChainTestSample.ChaniTest01" name="test_flight_cancellation" time="0.000">
    <failure message="Flight cancellation should not be successful. expected [true] but found [false]" type="java.lang.AssertionError">
      <![CDATA[java.lang.AssertionError: Flight cancellation should not be successful. expected [true] but found [false]
at org.testng.Assert.fail(Assert.java:111)
at org.testng.Assert.failNotEquals(Assert.java:1578)
at org.testng.Assert.assertTrue(Assert.java:57)
at ChainTestSample.ChaniTest01.test_flight_cancellation(ChaniTest01.java:51)
at java.base/jdk.internal.reflect.NativeMethodAccessorImpl.invoke0(Native Method)
at java.base/jdk.internal.reflect.NativeMethodAccessorImpl.invoke(NativeMethodAccessorImpl.java:77)
at java.base/jdk.internal.reflect.DelegatingMethodAccessorImpl.invoke(DelegatingMethodAccessorImpl.java:43)
at java.base/java.lang.reflect.Method.invoke(Method.java:569)
at org.testng.internal.invokers.MethodInvocationHelper.invokeMethod(MethodInvocationHelper.java:141)
at org.testng.internal.invokers.TestInvoker.invokeMethod(TestInvoker.java:686)
at org.testng.internal.invokers.TestInvoker.invokeTestMethod(TestInvoker.java:230)
at org.testng.internal.invokers.MethodRunner.runInSequence(MethodRunner.java:63)
at org.testng.internal.invokers.TestInvoker$MethodInvocationAgent.invoke(TestInvoker.java:992)
at org.testng.internal.invokers.TestInvoker.invokeTestMethods(TestInvoker.java:203)
at org.testng.internal.invokers.TestMethodWorker.invokeTestMethods(TestMethodWorker.java:154)
at org.testng.internal.invokers.TestMethodWorker.run(TestMethodWorker.java:134)
at java.base/java.util.ArrayList.forEach(ArrayList.java:1511)
at org.testng.TestRunner.privateRun(TestRunner.java:739)
at org.testng.TestRunner.run(TestRunner.java:614)
at org.testng.SuiteRunner.runTest(SuiteRunner.java:421)
at org.testng.SuiteRunner.runSequentially(SuiteRunner.java:413)
at org.testng.SuiteRunner.privateRun(SuiteRunner.java:373)
at org.testng.SuiteRunner.run(SuiteRunner.java:312)
at org.testng.SuiteRunnerWorker.runSuite(SuiteRunnerWorker.java:52)
at org.testng.SuiteRunnerWorker.run(SuiteRunnerWorker.java:95)
at org.testng.TestNG.runSuitesSequentially(TestNG.java:1274)
at org.testng.TestNG.runSuitesLocally(TestNG.java:1208)
at org.testng.TestNG.runSuites(TestNG.java:1112)
at org.testng.TestNG.run(TestNG.java:1079)
at org.testng.remote.AbstractRemoteTestNG.run(AbstractRemoteTestNG.java:115)
at org.testng.remote.RemoteTestNG.initAndRun(RemoteTestNG.java:293)
at org.testng.remote.RemoteTestNG.main(RemoteTestNG.java:91)
]]>
    </failure>
  </testcase> <!-- test_flight_cancellation -->
  <testcase classname="ChainTestSample.ChaniTest01" name="test_view_flight_details" time="0.000"/>
  <testcase classname="ChainTestSample.ChaniTest01" name="test_flight_availability_on_date" time="0.000"/>
  <testcase classname="ChainTestSample.ChaniTest01" name="test_search_flights_by_departure_city" time="0.000"/>
  <testcase classname="ChainTestSample.ChaniTest01" name="test_travel_insurance_purchase_flow" time="0.000"/>
  <testcase classname="ChainTestSample.ChaniTest01" name="test_manage_passenger_information_after_booking" time="0.001"/>
  <testcase classname="ChainTestSample.ChaniTest01" name="testFlightBookingWithInvalidCredentials" time="0.018">
    <failure message="Booking with invalid credentials should fail. expected [true] but found [false]" type="java.lang.AssertionError">
      <![CDATA[java.lang.AssertionError: Booking with invalid credentials should fail. expected [true] but found [false]
at org.testng.Assert.fail(Assert.java:111)
at org.testng.Assert.failNotEquals(Assert.java:1578)
at org.testng.Assert.assertTrue(Assert.java:57)
at ChainTestSample.ChaniTest01.testFlightBookingWithInvalidCredentials(ChaniTest01.java:25)
at java.base/jdk.internal.reflect.NativeMethodAccessorImpl.invoke0(Native Method)
at java.base/jdk.internal.reflect.NativeMethodAccessorImpl.invoke(NativeMethodAccessorImpl.java:77)
at java.base/jdk.internal.reflect.DelegatingMethodAccessorImpl.invoke(DelegatingMethodAccessorImpl.java:43)
at java.base/java.lang.reflect.Method.invoke(Method.java:569)
at org.testng.internal.invokers.MethodInvocationHelper.invokeMethod(MethodInvocationHelper.java:141)
at org.testng.internal.invokers.TestInvoker.invokeMethod(TestInvoker.java:686)
at org.testng.internal.invokers.TestInvoker.invokeTestMethod(TestInvoker.java:230)
at org.testng.internal.invokers.MethodRunner.runInSequence(MethodRunner.java:63)
at org.testng.internal.invokers.TestInvoker$MethodInvocationAgent.invoke(TestInvoker.java:992)
at org.testng.internal.invokers.TestInvoker.invokeTestMethods(TestInvoker.java:203)
at org.testng.internal.invokers.TestMethodWorker.invokeTestMethods(TestMethodWorker.java:154)
at org.testng.internal.invokers.TestMethodWorker.run(TestMethodWorker.java:134)
at java.base/java.util.ArrayList.forEach(ArrayList.java:1511)
at org.testng.TestRunner.privateRun(TestRunner.java:739)
at org.testng.TestRunner.run(TestRunner.java:614)
at org.testng.SuiteRunner.runTest(SuiteRunner.java:421)
at org.testng.SuiteRunner.runSequentially(SuiteRunner.java:413)
at org.testng.SuiteRunner.privateRun(SuiteRunner.java:373)
at org.testng.SuiteRunner.run(SuiteRunner.java:312)
at org.testng.SuiteRunnerWorker.runSuite(SuiteRunnerWorker.java:52)
at org.testng.SuiteRunnerWorker.run(SuiteRunnerWorker.java:95)
at org.testng.TestNG.runSuitesSequentially(TestNG.java:1274)
at org.testng.TestNG.runSuitesLocally(TestNG.java:1208)
at org.testng.TestNG.runSuites(TestNG.java:1112)
at org.testng.TestNG.run(TestNG.java:1079)
at org.testng.remote.AbstractRemoteTestNG.run(AbstractRemoteTestNG.java:115)
at org.testng.remote.RemoteTestNG.initAndRun(RemoteTestNG.java:293)
at org.testng.remote.RemoteTestNG.main(RemoteTestNG.java:91)
]]>
    </failure>
  </testcase> <!-- testFlightBookingWithInvalidCredentials -->
  <testcase classname="ChainTestSample.ChaniTest01" name="test_search_for_one_way_flight_booking" time="0.000"/>
  <testcase classname="ChainTestSample.ChaniTest01" name="test_flight_booking_with_special_assistance_request" time="0.001"/>
  <testcase classname="ChainTestSample.ChaniTest01" name="test_select_seat_and_meal_preferences" time="0.001"/>
  <testcase classname="ChainTestSample.ChaniTest01" name="test_flight_booking_with_multi_currency_support" time="0.001"/>
  <testcase classname="ChainTestSample.ChaniTest01" name="test_flight_search_by_arrival_city" time="0.001"/>
  <testcase classname="ChainTestSample.ChaniTest01" name="test_user_logout_functionality" time="0.001"/>
  <testcase classname="ChainTestSample.ChaniTest01" name="test_flight_booking_flow" time="0.000"/>
  <testcase classname="ChainTestSample.ChaniTest01" name="test_check_flight_availability_for_specific_date" time="0.001"/>
  <testcase classname="ChainTestSample.ChaniTest01" name="testFlightCancellation" time="0.001">
    <failure message="Flight cancellation should not be successful. expected [true] but found [false]" type="java.lang.AssertionError">
      <![CDATA[java.lang.AssertionError: Flight cancellation should not be successful. expected [true] but found [false]
at org.testng.Assert.fail(Assert.java:111)
at org.testng.Assert.failNotEquals(Assert.java:1578)
at org.testng.Assert.assertTrue(Assert.java:57)
at ChainTestSample.ChaniTest01.testFlightCancellation(ChaniTest01.java:31)
at java.base/jdk.internal.reflect.NativeMethodAccessorImpl.invoke0(Native Method)
at java.base/jdk.internal.reflect.NativeMethodAccessorImpl.invoke(NativeMethodAccessorImpl.java:77)
at java.base/jdk.internal.reflect.DelegatingMethodAccessorImpl.invoke(DelegatingMethodAccessorImpl.java:43)
at java.base/java.lang.reflect.Method.invoke(Method.java:569)
at org.testng.internal.invokers.MethodInvocationHelper.invokeMethod(MethodInvocationHelper.java:141)
at org.testng.internal.invokers.TestInvoker.invokeMethod(TestInvoker.java:686)
at org.testng.internal.invokers.TestInvoker.invokeTestMethod(TestInvoker.java:230)
at org.testng.internal.invokers.MethodRunner.runInSequence(MethodRunner.java:63)
at org.testng.internal.invokers.TestInvoker$MethodInvocationAgent.invoke(TestInvoker.java:992)
at org.testng.internal.invokers.TestInvoker.invokeTestMethods(TestInvoker.java:203)
at org.testng.internal.invokers.TestMethodWorker.invokeTestMethods(TestMethodWorker.java:154)
at org.testng.internal.invokers.TestMethodWorker.run(TestMethodWorker.java:134)
at java.base/java.util.ArrayList.forEach(ArrayList.java:1511)
at org.testng.TestRunner.privateRun(TestRunner.java:739)
at org.testng.TestRunner.run(TestRunner.java:614)
at org.testng.SuiteRunner.runTest(SuiteRunner.java:421)
at org.testng.SuiteRunner.runSequentially(SuiteRunner.java:413)
at org.testng.SuiteRunner.privateRun(SuiteRunner.java:373)
at org.testng.SuiteRunner.run(SuiteRunner.java:312)
at org.testng.SuiteRunnerWorker.runSuite(SuiteRunnerWorker.java:52)
at org.testng.SuiteRunnerWorker.run(SuiteRunnerWorker.java:95)
at org.testng.TestNG.runSuitesSequentially(TestNG.java:1274)
at org.testng.TestNG.runSuitesLocally(TestNG.java:1208)
at org.testng.TestNG.runSuites(TestNG.java:1112)
at org.testng.TestNG.run(TestNG.java:1079)
at org.testng.remote.AbstractRemoteTestNG.run(AbstractRemoteTestNG.java:115)
at org.testng.remote.RemoteTestNG.initAndRun(RemoteTestNG.java:293)
at org.testng.remote.RemoteTestNG.main(RemoteTestNG.java:91)
]]>
    </failure>
  </testcase> <!-- testFlightCancellation -->
  <testcase classname="ChainTestSample.ChaniTest01" name="test_real_time_flight_status_update" time="0.001"/>
  <testcase classname="ChainTestSample.ChaniTest01" name="test_email_notification_for_flight_delay" time="0.001"/>
  <testcase classname="ChainTestSample.ChaniTest01" name="test_flight_booking_with_international_itinerary" time="0.000"/>
  <testcase classname="ChainTestSample.ChaniTest01" name="test_flight_ticket_printing_functionality" time="0.000"/>
  <testcase classname="ChainTestSample.ChaniTest01" name="test_manage_booking_after_successful_payment" time="0.001"/>
  <testcase classname="ChainTestSample.ChaniTest01" name="test_verify_flight_ticket_validity" time="0.001"/>
  <testcase classname="ChainTestSample.ChaniTest01" name="test_mobile_app_login_functionality" time="0.001"/>
  <testcase classname="ChainTestSample.ChaniTest01" name="test_booking_confirmation_email" time="0.001"/>
  <testcase classname="ChainTestSample.ChaniTest01" name="test_check_flight_departure_time" time="0.000"/>
  <testcase classname="ChainTestSample.ChaniTest01" name="test_flight_price_comparison" time="0.000"/>
  <testcase classname="ChainTestSample.ChaniTest01" name="test_customer_service_contact_information_visibility" time="0.001"/>
  <testcase classname="ChainTestSample.ChaniTest01" name="test_check_in_with_passport_details" time="0.000"/>
  <testcase classname="ChainTestSample.ChaniTest01" name="test_flight_booking_for_family_with_minor_children" time="0.000"/>
  <testcase classname="ChainTestSample.ChaniTest01" name="test_retrieve_booking_history" time="0.001"/>
  <testcase classname="ChainTestSample.ChaniTest01" name="test_frequent_flyer_miles_redemption_flow" time="0.000"/>
  <testcase classname="ChainTestSample.ChaniTest01" name="test_multi_city_flight_booking" time="0.000"/>
  <testcase classname="ChainTestSample.ChaniTest01" name="test_flight_booking_with_invalid_credentials" time="0.001">
    <failure message="Booking with invalid credentials should fail. expected [true] but found [false]" type="java.lang.AssertionError">
      <![CDATA[java.lang.AssertionError: Booking with invalid credentials should fail. expected [true] but found [false]
at org.testng.Assert.fail(Assert.java:111)
at org.testng.Assert.failNotEquals(Assert.java:1578)
at org.testng.Assert.assertTrue(Assert.java:57)
at ChainTestSample.ChaniTest01.test_flight_booking_with_invalid_credentials(ChaniTest01.java:45)
at java.base/jdk.internal.reflect.NativeMethodAccessorImpl.invoke0(Native Method)
at java.base/jdk.internal.reflect.NativeMethodAccessorImpl.invoke(NativeMethodAccessorImpl.java:77)
at java.base/jdk.internal.reflect.DelegatingMethodAccessorImpl.invoke(DelegatingMethodAccessorImpl.java:43)
at java.base/java.lang.reflect.Method.invoke(Method.java:569)
at org.testng.internal.invokers.MethodInvocationHelper.invokeMethod(MethodInvocationHelper.java:141)
at org.testng.internal.invokers.TestInvoker.invokeMethod(TestInvoker.java:686)
at org.testng.internal.invokers.TestInvoker.invokeTestMethod(TestInvoker.java:230)
at org.testng.internal.invokers.MethodRunner.runInSequence(MethodRunner.java:63)
at org.testng.internal.invokers.TestInvoker$MethodInvocationAgent.invoke(TestInvoker.java:992)
at org.testng.internal.invokers.TestInvoker.invokeTestMethods(TestInvoker.java:203)
at org.testng.internal.invokers.TestMethodWorker.invokeTestMethods(TestMethodWorker.java:154)
at org.testng.internal.invokers.TestMethodWorker.run(TestMethodWorker.java:134)
at java.base/java.util.ArrayList.forEach(ArrayList.java:1511)
at org.testng.TestRunner.privateRun(TestRunner.java:739)
at org.testng.TestRunner.run(TestRunner.java:614)
at org.testng.SuiteRunner.runTest(SuiteRunner.java:421)
at org.testng.SuiteRunner.runSequentially(SuiteRunner.java:413)
at org.testng.SuiteRunner.privateRun(SuiteRunner.java:373)
at org.testng.SuiteRunner.run(SuiteRunner.java:312)
at org.testng.SuiteRunnerWorker.runSuite(SuiteRunnerWorker.java:52)
at org.testng.SuiteRunnerWorker.run(SuiteRunnerWorker.java:95)
at org.testng.TestNG.runSuitesSequentially(TestNG.java:1274)
at org.testng.TestNG.runSuitesLocally(TestNG.java:1208)
at org.testng.TestNG.runSuites(TestNG.java:1112)
at org.testng.TestNG.run(TestNG.java:1079)
at org.testng.remote.AbstractRemoteTestNG.run(AbstractRemoteTestNG.java:115)
at org.testng.remote.RemoteTestNG.initAndRun(RemoteTestNG.java:293)
at org.testng.remote.RemoteTestNG.main(RemoteTestNG.java:91)
]]>
    </failure>
  </testcase> <!-- test_flight_booking_with_invalid_credentials -->
  <testcase classname="ChainTestSample.ChaniTest01" name="test_flight_booking_with_airport_transfer_service" time="0.000"/>
  <testcase classname="ChainTestSample.ChaniTest01" name="test_seat_selection_during_booking" time="0.001"/>
  <testcase classname="ChainTestSample.ChaniTest01" name="test_check_in_for_online_flight_check_in_feature" time="0.001"/>
  <testcase classname="ChainTestSample.ChaniTest01" name="test_check_flight_baggage_allowance" time="0.000"/>
  <testcase classname="ChainTestSample.ChaniTest01" name="test_booking_with_promo_code_application" time="0.001"/>
  <testcase classname="ChainTestSample.ChaniTest01" name="test_flight_schedule_lookup_by_flight_number" time="0.000"/>
  <testcase classname="ChainTestSample.ChaniTest01" name="test_flight_booking_with_group_discount" time="0.000"/>
  <testcase classname="ChainTestSample.ChaniTest01" name="test_flight_route_update" time="0.000"/>
  <testcase classname="ChainTestSample.ChaniTest01" name="test_flight_booking_with_coupon_code" time="0.000"/>
  <testcase classname="ChainTestSample.ChaniTest01" name="test_payment_gateway_integration" time="0.000"/>
  <testcase classname="ChainTestSample.ChaniTest01" name="test_check_flight_loyalty_points_status" time="0.001"/>
  <testcase classname="ChainTestSample.ChaniTest01" name="test_flight_date_change_feature" time="0.001"/>
  <testcase classname="ChainTestSample.ChaniTest01" name="testPaymentGatewayIntegration" time="0.001">
    <failure message="Payment gateway integration failed. expected [true] but found [false]" type="java.lang.AssertionError">
      <![CDATA[java.lang.AssertionError: Payment gateway integration failed. expected [true] but found [false]
at org.testng.Assert.fail(Assert.java:111)
at org.testng.Assert.failNotEquals(Assert.java:1578)
at org.testng.Assert.assertTrue(Assert.java:57)
at ChainTestSample.ChaniTest01.testPaymentGatewayIntegration(ChaniTest01.java:37)
at java.base/jdk.internal.reflect.NativeMethodAccessorImpl.invoke0(Native Method)
at java.base/jdk.internal.reflect.NativeMethodAccessorImpl.invoke(NativeMethodAccessorImpl.java:77)
at java.base/jdk.internal.reflect.DelegatingMethodAccessorImpl.invoke(DelegatingMethodAccessorImpl.java:43)
at java.base/java.lang.reflect.Method.invoke(Method.java:569)
at org.testng.internal.invokers.MethodInvocationHelper.invokeMethod(MethodInvocationHelper.java:141)
at org.testng.internal.invokers.TestInvoker.invokeMethod(TestInvoker.java:686)
at org.testng.internal.invokers.TestInvoker.invokeTestMethod(TestInvoker.java:230)
at org.testng.internal.invokers.MethodRunner.runInSequence(MethodRunner.java:63)
at org.testng.internal.invokers.TestInvoker$MethodInvocationAgent.invoke(TestInvoker.java:992)
at org.testng.internal.invokers.TestInvoker.invokeTestMethods(TestInvoker.java:203)
at org.testng.internal.invokers.TestMethodWorker.invokeTestMethods(TestMethodWorker.java:154)
at org.testng.internal.invokers.TestMethodWorker.run(TestMethodWorker.java:134)
at java.base/java.util.ArrayList.forEach(ArrayList.java:1511)
at org.testng.TestRunner.privateRun(TestRunner.java:739)
at org.testng.TestRunner.run(TestRunner.java:614)
at org.testng.SuiteRunner.runTest(SuiteRunner.java:421)
at org.testng.SuiteRunner.runSequentially(SuiteRunner.java:413)
at org.testng.SuiteRunner.privateRun(SuiteRunner.java:373)
at org.testng.SuiteRunner.run(SuiteRunner.java:312)
at org.testng.SuiteRunnerWorker.runSuite(SuiteRunnerWorker.java:52)
at org.testng.SuiteRunnerWorker.run(SuiteRunnerWorker.java:95)
at org.testng.TestNG.runSuitesSequentially(TestNG.java:1274)
at org.testng.TestNG.runSuitesLocally(TestNG.java:1208)
at org.testng.TestNG.runSuites(TestNG.java:1112)
at org.testng.TestNG.run(TestNG.java:1079)
at org.testng.remote.AbstractRemoteTestNG.run(AbstractRemoteTestNG.java:115)
at org.testng.remote.RemoteTestNG.initAndRun(RemoteTestNG.java:293)
at org.testng.remote.RemoteTestNG.main(RemoteTestNG.java:91)
]]>
    </failure>
  </testcase> <!-- testPaymentGatewayIntegration -->
  <testcase classname="ChainTestSample.ChaniTest01" name="test_flight_search_by_airline" time="0.001"/>
  <testcase classname="ChainTestSample.ChaniTest01" name="test_flight_modification" time="0.000"/>
  <testcase classname="ChainTestSample.ChaniTest01" name="test_verify_luggage_policy_on_booking" time="0.001"/>
  <testcase classname="ChainTestSample.ChaniTest01" name="test_user_account_deletion_functionality" time="0.000"/>
  <testcase classname="ChainTestSample.ChaniTest01" name="test_flight_schedule_update" time="0.002"/>
  <testcase classname="ChainTestSample.ChaniTest01" name="test_flight_schedule_update_after_cancellation" time="0.001"/>
  <testcase classname="ChainTestSample.ChaniTest01" name="test_special_offer_display_for_flights" time="0.001"/>
  <testcase classname="ChainTestSample.ChaniTest01" name="test_user_registration_functionality" time="0.000"/>
  <testcase classname="ChainTestSample.ChaniTest01" name="test_add_additional_services_during_booking" time="0.000"/>
  <testcase classname="ChainTestSample.ChaniTest01" name="test_cancel_booking_within_refund_policy" time="0.000"/>
  <testcase classname="ChainTestSample.ChaniTest01" name="test_flight_availability_during_peak_season" time="0.001"/>
  <testcase classname="ChainTestSample.ChaniTest01" name="test_user_login_functionality" time="0.000"/>
  <testcase classname="ChainTestSample.ChaniTest01" name="test_user_profile_update" time="0.001"/>
  <testcase classname="ChainTestSample.ChaniTest01" name="test_flight_booking_with_travel_flexibility_option" time="0.001"/>
  <testcase classname="ChainTestSample.ChaniTest01" name="test_flight_status_check" time="0.000"/>
  <testcase classname="ChainTestSample.ChaniTest01" name="test_flight_booking_with_refundable_ticket_option" time="0.000"/>
</testsuite> <!-- ChainTestSample.ChaniTest01 -->
