<?xml version="1.0" encoding="UTF-8"?>
<!-- Generated by org.testng.reporters.JUnitReportReporter -->
<testsuite hostname="Raghavs-Mac-mini.local" failures="0" tests="62" name="ChainTestSample.FlightBookingAppTest" time="0.030" errors="0" timestamp="2025-01-10T02:28:03 IST" skipped="0">
  <testcase classname="ChainTestSample.FlightBookingAppTest" name="test_user_registration_functionality" time="0.000"/>
  <testcase classname="ChainTestSample.FlightBookingAppTest" name="test_flight_booking_with_international_itinerary" time="0.000"/>
  <testcase classname="ChainTestSample.FlightBookingAppTest" name="test_flight_booking_with_refundable_ticket_option" time="0.000"/>
  <testcase classname="ChainTestSample.FlightBookingAppTest" name="test_check_flight_departure_time" time="0.001"/>
  <testcase classname="ChainTestSample.FlightBookingAppTest" name="test_flight_booking_with_special_assistance_request" time="0.001"/>
  <testcase classname="ChainTestSample.FlightBookingAppTest" name="test_email_notification_for_flight_delay" time="0.000"/>
  <testcase classname="ChainTestSample.FlightBookingAppTest" name="test_add_additional_services_during_booking" time="0.001"/>
  <testcase classname="ChainTestSample.FlightBookingAppTest" name="test_real_time_flight_status_update" time="0.000"/>
  <testcase classname="ChainTestSample.FlightBookingAppTest" name="test_check_flight_loyalty_points_status" time="0.001"/>
  <testcase classname="ChainTestSample.FlightBookingAppTest" name="test_flight_schedule_update" time="0.001"/>
  <testcase classname="ChainTestSample.FlightBookingAppTest" name="test_check_in_with_passport_details" time="0.000"/>
  <testcase classname="ChainTestSample.FlightBookingAppTest" name="test_flight_booking_with_multi_currency_support" time="0.000"/>
  <testcase classname="ChainTestSample.FlightBookingAppTest" name="test_flight_booking_flow" time="0.001"/>
  <testcase classname="ChainTestSample.FlightBookingAppTest" name="test_special_offer_display_for_flights" time="0.000"/>
  <testcase classname="ChainTestSample.FlightBookingAppTest" name="test_mobile_app_login_functionality" time="0.001"/>
  <testcase classname="ChainTestSample.FlightBookingAppTest" name="test_search_flights_by_departure_city" time="0.001"/>
  <testcase classname="ChainTestSample.FlightBookingAppTest" name="test_flight_booking_with_invalid_credentials" time="0.000"/>
  <testcase classname="ChainTestSample.FlightBookingAppTest" name="test_check_flight_availability_for_specific_date" time="0.001"/>
  <testcase classname="ChainTestSample.FlightBookingAppTest" name="test_manage_passenger_information_after_booking" time="0.001"/>
  <testcase classname="ChainTestSample.FlightBookingAppTest" name="test_retrieve_booking_history" time="0.000"/>
  <testcase classname="ChainTestSample.FlightBookingAppTest" name="testFlightBookingWithInvalidCredentials" time="0.001"/>
  <testcase classname="ChainTestSample.FlightBookingAppTest" name="testPaymentGatewayIntegration" time="0.001"/>
  <testcase classname="ChainTestSample.FlightBookingAppTest" name="test_flight_booking_with_coupon_code" time="0.001"/>
  <testcase classname="ChainTestSample.FlightBookingAppTest" name="test_booking_confirmation_email" time="0.001"/>
  <testcase classname="ChainTestSample.FlightBookingAppTest" name="test_verify_luggage_policy_on_booking" time="0.000"/>
  <testcase classname="ChainTestSample.FlightBookingAppTest" name="test_flight_schedule_lookup_by_flight_number" time="0.000"/>
  <testcase classname="ChainTestSample.FlightBookingAppTest" name="test_user_profile_update" time="0.000"/>
  <testcase classname="ChainTestSample.FlightBookingAppTest" name="test_multi_city_flight_booking" time="0.000"/>
  <testcase classname="ChainTestSample.FlightBookingAppTest" name="test_flight_search_by_airline" time="0.000"/>
  <testcase classname="ChainTestSample.FlightBookingAppTest" name="test_check_flight_baggage_allowance" time="0.001"/>
  <testcase classname="ChainTestSample.FlightBookingAppTest" name="testFlightCancellation" time="0.001"/>
  <testcase classname="ChainTestSample.FlightBookingAppTest" name="test_booking_with_promo_code_application" time="0.001"/>
  <testcase classname="ChainTestSample.FlightBookingAppTest" name="test_flight_cancellation" time="0.000"/>
  <testcase classname="ChainTestSample.FlightBookingAppTest" name="test_flight_route_update" time="0.001"/>
  <testcase classname="ChainTestSample.FlightBookingAppTest" name="test_flight_status_check" time="0.001"/>
  <testcase classname="ChainTestSample.FlightBookingAppTest" name="test_check_in_for_online_flight_check_in_feature" time="0.001"/>
  <testcase classname="ChainTestSample.FlightBookingAppTest" name="test_payment_gateway_integration" time="0.000"/>
  <testcase classname="ChainTestSample.FlightBookingAppTest" name="test_seat_selection_during_booking" time="0.001"/>
  <testcase classname="ChainTestSample.FlightBookingAppTest" name="test_search_for_one_way_flight_booking" time="0.001"/>
  <testcase classname="ChainTestSample.FlightBookingAppTest" name="test_cancel_booking_within_refund_policy" time="0.001"/>
  <testcase classname="ChainTestSample.FlightBookingAppTest" name="test_flight_schedule_update_after_cancellation" time="0.001"/>
  <testcase classname="ChainTestSample.FlightBookingAppTest" name="test_flight_modification" time="0.000"/>
  <testcase classname="ChainTestSample.FlightBookingAppTest" name="test_user_account_deletion_functionality" time="0.000"/>
  <testcase classname="ChainTestSample.FlightBookingAppTest" name="test_view_flight_details" time="0.000"/>
  <testcase classname="ChainTestSample.FlightBookingAppTest" name="test_flight_ticket_printing_functionality" time="0.000"/>
  <testcase classname="ChainTestSample.FlightBookingAppTest" name="test_flight_booking_with_travel_flexibility_option" time="0.000"/>
  <testcase classname="ChainTestSample.FlightBookingAppTest" name="test_user_logout_functionality" time="0.000"/>
  <testcase classname="ChainTestSample.FlightBookingAppTest" name="test_flight_price_comparison" time="0.001"/>
  <testcase classname="ChainTestSample.FlightBookingAppTest" name="test_flight_booking_with_group_discount" time="0.000"/>
  <testcase classname="ChainTestSample.FlightBookingAppTest" name="test_flight_date_change_feature" time="0.000"/>
  <testcase classname="ChainTestSample.FlightBookingAppTest" name="test_flight_availability_during_peak_season" time="0.001"/>
  <testcase classname="ChainTestSample.FlightBookingAppTest" name="test_customer_service_contact_information_visibility" time="0.000"/>
  <testcase classname="ChainTestSample.FlightBookingAppTest" name="test_verify_flight_ticket_validity" time="0.001"/>
  <testcase classname="ChainTestSample.FlightBookingAppTest" name="test_flight_booking_with_airport_transfer_service" time="0.000"/>
  <testcase classname="ChainTestSample.FlightBookingAppTest" name="test_flight_search_by_arrival_city" time="0.000"/>
  <testcase classname="ChainTestSample.FlightBookingAppTest" name="test_travel_insurance_purchase_flow" time="0.001"/>
  <testcase classname="ChainTestSample.FlightBookingAppTest" name="test_flight_availability_on_date" time="0.000"/>
  <testcase classname="ChainTestSample.FlightBookingAppTest" name="test_select_seat_and_meal_preferences" time="0.000"/>
  <testcase classname="ChainTestSample.FlightBookingAppTest" name="test_user_login_functionality" time="0.001"/>
  <testcase classname="ChainTestSample.FlightBookingAppTest" name="test_flight_booking_for_family_with_minor_children" time="0.001"/>
  <testcase classname="ChainTestSample.FlightBookingAppTest" name="test_frequent_flyer_miles_redemption_flow" time="0.000"/>
  <testcase classname="ChainTestSample.FlightBookingAppTest" name="test_manage_booking_after_successful_payment" time="0.000"/>
</testsuite> <!-- ChainTestSample.FlightBookingAppTest -->
